#
# There is insufficient memory for the Java Runtime Environment to continue.
# Native memory allocation (mmap) failed to map 130023424 bytes. Error detail: G1 virtual space
# Possible reasons:
#   The system is out of physical RAM or swap space
#   This process is running with CompressedOops enabled, and the Java Heap may be blocking the growth of the native heap
# Possible solutions:
#   Reduce memory load on the system
#   Increase physical memory or swap space
#   Check if swap backing store is full
#   Decrease Java heap size (-Xmx/-Xms)
#   Decrease number of Java threads
#   Decrease Java thread stack sizes (-Xss)
#   Set larger code cache with -XX:ReservedCodeCacheSize=
#   JVM is running with Unscaled Compressed Oops mode in which the Java heap is
#     placed in the first 4GB address space. The Java Heap base address is the
#     maximum limit for the native heap growth. Please use -XX:HeapBaseMinAddress
#     to set the Java Heap base and to place the Java Heap above 4GB virtual address.
# This output file may be truncated or incomplete.
#
#  Out of Memory Error (os_windows.cpp:3631), pid=8492, tid=6888
#
# JRE version:  (22.0.1+8) (build )
# Java VM: Java HotSpot(TM) 64-Bit Server VM (22.0.1+8-16, mixed mode, sharing, tiered, compressed oops, compressed class ptrs, g1 gc, windows-amd64)
# No core dump will be written. Minidumps are not enabled by default on client versions of Windows
#

---------------  S U M M A R Y ------------

Command Line: -Dfile.encoding=UTF-8 --module-path=D:\Ky_4\LAB211\BaiLab\LAB211\build\classes Week3.Test

Host: 11th Gen Intel(R) Core(TM) i5-11400H @ 2.70GHz, 12 cores, 7G,  Windows 11 , 64 bit Build 22621 (10.0.22621.4391)
Time: Tue Feb 11 11:23:55 2025 SE Asia Standard Time elapsed time: 0.013895 seconds (0d 0h 0m 0s)

---------------  T H R E A D  ---------------

Current thread (0x000001f0a14889c0):  JavaThread "Unknown thread" [_thread_in_vm, id=6888, stack(0x00000043ff000000,0x00000043ff100000) (1024K)]

Stack: [0x00000043ff000000,0x00000043ff100000]
Native frames: (J=compiled Java code, j=interpreted, Vv=VM code, C=native code)
V  [jvm.dll+0x6e2279]  (no source info available)
V  [jvm.dll+0x874e33]  (no source info available)
V  [jvm.dll+0x87725e]  (no source info available)
V  [jvm.dll+0x877933]  (no source info available)
V  [jvm.dll+0x27fd76]  (no source info available)
V  [jvm.dll+0x6de915]  (no source info available)
V  [jvm.dll+0x6d341a]  (no source info available)
V  [jvm.dll+0x3589da]  (no source info available)
V  [jvm.dll+0x360f06]  (no source info available)
V  [jvm.dll+0x3b3e2e]  (no source info available)
V  [jvm.dll+0x3b40d8]  (no source info available)
V  [jvm.dll+0x32c59c]  (no source info available)
V  [jvm.dll+0x32d158]  (no source info available)
V  [jvm.dll+0x83ccdc]  (no source info available)
V  [jvm.dll+0x3c0d71]  (no source info available)
V  [jvm.dll+0x825ccc]  (no source info available)
V  [jvm.dll+0x45b8fe]  (no source info available)
V  [jvm.dll+0x45d781]  (no source info available)
C  [jli.dll+0x52a3]  (no source info available)
C  [ucrtbase.dll+0x29333]  (no source info available)
C  [KERNEL32.DLL+0x1259d]  (no source info available)
C  [ntdll.dll+0x5af38]  (no source info available)


---------------  P R O C E S S  ---------------

Threads class SMR info:
_java_thread_list=0x00007ff9e1fdb1c8, length=0, elements={
}

Java Threads: ( => current thread )
Total: 0

Other Threads:
  0x000001f0a369f630 WorkerThread "GC Thread#0"                     [id=17844, stack(0x00000043ff100000,0x00000043ff200000) (1024K)]
  0x000001f0a36b1870 ConcurrentGCThread "G1 Main Marker"            [id=5492, stack(0x00000043ff200000,0x00000043ff300000) (1024K)]
  0x000001f0a36b2380 WorkerThread "G1 Conc#0"                       [id=2332, stack(0x00000043ff300000,0x00000043ff400000) (1024K)]

[error occurred during error reporting (printing all threads), id 0xc0000005, EXCEPTION_ACCESS_VIOLATION (0xc0000005) at pc=0x00007ff9e172f367]
VM state: not at safepoint (not fully initialized)

VM Mutex/Monitor currently owned by a thread:  ([mutex/lock_event])
[0x00007ff9e205bcb8] Heap_lock - owner thread: 0x000001f0a14889c0

Heap address: 0x0000000084000000, size: 1984 MB, Compressed Oops mode: 32-bit

CDS archive(s) mapped at: [0x0000000000000000-0x0000000000000000-0x0000000000000000), size 0, SharedBaseAddress: 0x0000000800000000, ArchiveRelocationMode: 1.
Narrow klass base: 0x0000000000000000, Narrow klass shift: 0, Narrow klass range: 0x0

GC Precious Log:
 CardTable entry size: 512
 Card Set container configuration: InlinePtr #cards 5 size 8 Array Of Cards #cards 12 size 40 Howl #buckets 4 coarsen threshold 1843 Howl Bitmap #cards 512 size 80 coarsen threshold 460 Card regions per heap region 1 cards per card region 2048

Heap:
 garbage-first heap   total reserved 2031616K, committed 0K, used 0K [0x0000000084000000, 0x0000000100000000)
  region size 1024K, 0 young (0K), 0 survivors (0K)

[error occurred during error reporting (printing heap information), id 0xc0000005, EXCEPTION_ACCESS_VIOLATION (0xc0000005) at pc=0x00007ff9e1b2e429]
GC Heap History (0 events):
No events

Dll operation events (1 events):
Event: 0.011 Loaded shared library C:\Program Files\Java\jdk-22\bin\java.dll

Deoptimization events (0 events):
No events

Classes loaded (0 events):
No events

Classes unloaded (0 events):
No events

Classes redefined (0 events):
No events

Internal exceptions (0 events):
No events

ZGC Phase Switch (0 events):
No events

VM Operations (0 events):
No events

Events (0 events):
No events


Dynamic libraries:
0x00007ff7b4cc0000 - 0x00007ff7b4cd0000 	C:\Program Files\Java\jdk-22\bin\java.exe
0x00007ffa39570000 - 0x00007ffa39787000 	C:\WINDOWS\SYSTEM32\ntdll.dll
0x00007ffa38c20000 - 0x00007ffa38ce4000 	C:\WINDOWS\System32\KERNEL32.DLL
0x00007ffa36d00000 - 0x00007ffa370ba000 	C:\WINDOWS\System32\KERNELBASE.dll
0x00007ffa368b0000 - 0x00007ffa369c1000 	C:\WINDOWS\System32\ucrtbase.dll
0x00007ffa1da40000 - 0x00007ffa1da57000 	C:\Program Files\Java\jdk-22\bin\jli.dll
0x00007ffa17300000 - 0x00007ffa1731b000 	C:\Program Files\Java\jdk-22\bin\VCRUNTIME140.dll
0x00007ffa38f90000 - 0x00007ffa39042000 	C:\WINDOWS\System32\ADVAPI32.dll
0x00007ffa382f0000 - 0x00007ffa38397000 	C:\WINDOWS\System32\msvcrt.dll
0x00007ffa372e0000 - 0x00007ffa37387000 	C:\WINDOWS\System32\sechost.dll
0x00007ffa36cd0000 - 0x00007ffa36cf8000 	C:\WINDOWS\System32\bcrypt.dll
0x00007ffa383a0000 - 0x00007ffa384b4000 	C:\WINDOWS\System32\RPCRT4.dll
0x00007ffa39280000 - 0x00007ffa3942e000 	C:\WINDOWS\System32\USER32.dll
0x00007ffa1e270000 - 0x00007ffa1e502000 	C:\WINDOWS\WinSxS\amd64_microsoft.windows.common-controls_6595b64144ccf1df_6.0.22621.4541_none_2710d1c57384c085\COMCTL32.dll
0x00007ffa36ca0000 - 0x00007ffa36cc6000 	C:\WINDOWS\System32\win32u.dll
0x00007ffa37e80000 - 0x00007ffa37ea9000 	C:\WINDOWS\System32\GDI32.dll
0x00007ffa37140000 - 0x00007ffa3725b000 	C:\WINDOWS\System32\gdi32full.dll
0x00007ffa36c00000 - 0x00007ffa36c9a000 	C:\WINDOWS\System32\msvcp_win.dll
0x00007ffa2b6c0000 - 0x00007ffa2b6ca000 	C:\WINDOWS\SYSTEM32\VERSION.dll
0x00007ffa37c10000 - 0x00007ffa37c41000 	C:\WINDOWS\System32\IMM32.DLL
0x00007ffa29610000 - 0x00007ffa2961c000 	C:\Program Files\Java\jdk-22\bin\vcruntime140_1.dll
0x00007ff9eb9a0000 - 0x00007ff9eba2e000 	C:\Program Files\Java\jdk-22\bin\msvcp140.dll
0x00007ff9e13f0000 - 0x00007ff9e2137000 	C:\Program Files\Java\jdk-22\bin\server\jvm.dll
0x00007ffa37260000 - 0x00007ffa372d1000 	C:\WINDOWS\System32\WS2_32.dll
0x00007ffa35680000 - 0x00007ffa356cd000 	C:\WINDOWS\SYSTEM32\POWRPROF.dll
0x00007ffa2cd50000 - 0x00007ffa2cd84000 	C:\WINDOWS\SYSTEM32\WINMM.dll
0x00007ffa35660000 - 0x00007ffa35673000 	C:\WINDOWS\SYSTEM32\UMPDC.dll
0x00007ffa35920000 - 0x00007ffa35938000 	C:\WINDOWS\SYSTEM32\kernel.appcore.dll
0x00007ffa17130000 - 0x00007ffa1713a000 	C:\Program Files\Java\jdk-22\bin\jimage.dll
0x00007ffa342b0000 - 0x00007ffa344e2000 	C:\WINDOWS\SYSTEM32\DBGHELP.DLL
0x00007ffa37ed0000 - 0x00007ffa38261000 	C:\WINDOWS\System32\combase.dll
0x00007ffa37cb0000 - 0x00007ffa37d87000 	C:\WINDOWS\System32\OLEAUT32.dll
0x00007ffa2a8a0000 - 0x00007ffa2a8d2000 	C:\WINDOWS\SYSTEM32\dbgcore.DLL
0x00007ffa36830000 - 0x00007ffa368ab000 	C:\WINDOWS\System32\bcryptPrimitives.dll
0x00007ffa17140000 - 0x00007ffa1715e000 	C:\Program Files\Java\jdk-22\bin\java.dll
0x00007ffa37390000 - 0x00007ffa37c09000 	C:\WINDOWS\System32\SHELL32.dll
0x00007ffa390b0000 - 0x00007ffa39255000 	C:\WINDOWS\System32\ole32.dll

dbghelp: loaded successfully - version: 4.0.5 - missing functions: none
symbol engine: initialized successfully - sym options: 0x614 - pdb path: .;C:\Program Files\Java\jdk-22\bin;C:\WINDOWS\SYSTEM32;C:\WINDOWS\WinSxS\amd64_microsoft.windows.common-controls_6595b64144ccf1df_6.0.22621.4541_none_2710d1c57384c085;C:\Program Files\Java\jdk-22\bin\server

VM Arguments:
jvm_args: -Dfile.encoding=UTF-8 --module-path=D:\Ky_4\LAB211\BaiLab\LAB211\build\classes 
java_command: Week3.Test
java_class_path (initial): D:\Ky_4\LAB211\BaiLab\LAB211\build\classes
Launcher Type: SUN_STANDARD

[Global flags]
     intx CICompilerCount                          = 4                                         {product} {ergonomic}
     uint ConcGCThreads                            = 3                                         {product} {ergonomic}
     uint G1ConcRefinementThreads                  = 10                                        {product} {ergonomic}
   size_t G1HeapRegionSize                         = 1048576                                   {product} {ergonomic}
   size_t InitialHeapSize                          = 130023424                                 {product} {ergonomic}
   size_t MarkStackSize                            = 4194304                                   {product} {ergonomic}
   size_t MaxHeapSize                              = 2080374784                                {product} {ergonomic}
   size_t MinHeapDeltaBytes                        = 1048576                                   {product} {ergonomic}
   size_t MinHeapSize                              = 8388608                                   {product} {ergonomic}
    uintx NonNMethodCodeHeapSize                   = 5839372                                {pd product} {ergonomic}
    uintx NonProfiledCodeHeapSize                  = 122909434                              {pd product} {ergonomic}
    uintx ProfiledCodeHeapSize                     = 122909434                              {pd product} {ergonomic}
    uintx ReservedCodeCacheSize                    = 251658240                              {pd product} {ergonomic}
     bool SegmentedCodeCache                       = true                                      {product} {ergonomic}
   size_t SoftMaxHeapSize                          = 2080374784                             {manageable} {ergonomic}
     bool UseCompressedOops                        = true                           {product lp64_product} {ergonomic}
     bool UseG1GC                                  = true                                      {product} {ergonomic}
     bool UseLargePagesIndividualAllocation        = false                                  {pd product} {ergonomic}

Logging:
Log output configuration:
 #0: stdout all=warning uptime,level,tags foldmultilines=false
 #1: stderr all=off uptime,level,tags foldmultilines=false

Environment Variables:
PATH=C:\Program Files\Microsoft MPI\Bin\;C:\Program Files\Common Files\Oracle\Java\javapath;C:\Windows\system32;C:\Windows;C:\Windows\System32\Wbem;C:\Windows\System32\WindowsPowerShell\v1.0\;C:\Windows\System32\OpenSSH\;C:\Program Files (x86)\NVIDIA Corporation\PhysX\Common;C:\Program Files\NVIDIA Corporation\NVIDIA NvDLISR;C:\WINDOWS\system32;C:\WINDOWS;C:\WINDOWS\System32\Wbem;C:\WINDOWS\System32\WindowsPowerShell\v1.0\;C:\WINDOWS\System32\OpenSSH\;C:\Program Files\dotnet\;C:\Program Files (x86)\Microsoft SQL Server\160\Tools\Binn\;C:\Program Files\Microsoft SQL Server\160\Tools\Binn\;C:\Program Files\Microsoft SQL Server\Client SDK\ODBC\170\Tools\Binn\;C:\Program Files\Microsoft SQL Server\160\DTS\Binn\;C:\Program Files (x86)\Microsoft SQL Server\160\DTS\Binn\;C:\Program Files (x86)\Microsoft SQL Server\150\DTS\Binn\;C:\Program Files\Azure Data Studio\bin;C:\Users\leman\AppData\Local\Microsoft\WindowsApps;C:\Users\leman\AppData\Local\Programs\Microsoft VS Code\bin;C:\Program Files\Azure Data Studio\bin
USERNAME=leman
OS=Windows_NT
PROCESSOR_IDENTIFIER=Intel64 Family 6 Model 141 Stepping 1, GenuineIntel
TMP=C:\Users\leman\AppData\Local\Temp
TEMP=C:\Users\leman\AppData\Local\Temp




Periodic native trim disabled

---------------  S Y S T E M  ---------------

OS:
 Windows 11 , 64 bit Build 22621 (10.0.22621.4391)
OS uptime: 0 days 1:53 hours
Hyper-V role detected

CPU: total 12 (initial active 12) (6 cores per cpu, 2 threads per core) family 6 model 141 stepping 1 microcode 0x34, cx8, cmov, fxsr, ht, mmx, 3dnowpref, sse, sse2, sse3, ssse3, sse4.1, sse4.2, popcnt, lzcnt, tsc, tscinvbit, avx, avx2, aes, erms, clmul, bmi1, bmi2, adx, avx512f, avx512dq, avx512cd, avx512bw, avx512vl, sha, fma, vzeroupper, avx512_vpopcntdq, avx512_vpclmulqdq, avx512_vaes, avx512_vnni, clflush, clflushopt, clwb, avx512_vbmi2, avx512_vbmi, hv, rdtscp, rdpid, fsrm, gfni, avx512_bitalg, f16c, cet_ibt, cet_ss, avx512_ifma
Processor Information for all 12 processors :
  Max Mhz: 2688, Current Mhz: 2688, Mhz Limit: 2688

Memory: 4k page, system-wide physical 7930M (511M free)
TotalPageFile size 18135M (AvailPageFile size 75M)
current process WorkingSet (physical memory assigned to process): 12M, peak: 12M
current process commit charge ("private bytes"): 64M, peak: 188M

vm_info: Java HotSpot(TM) 64-Bit Server VM (22.0.1+8-16) for windows-amd64 JRE (22.0.1+8-16), built on 2024-03-12T10:33:16Z by "mach5one" with MS VC++ 17.6 (VS2022)

END.
